INFO:root:Epoch 0 evaluation score: -0.12
INFO:root:Epoch 0 evaluation score: -0.12
INFO:root:Epoch 0 evaluation score: -0.12
INFO:root:Epoch 1/5000 | Policy Loss: -0.1053 | Value Loss: 0.3299
INFO:root:Epoch 2/5000 | Policy Loss: 0.2413 | Value Loss: 0.1585
INFO:root:Epoch 3/5000 | Policy Loss: -0.0500 | Value Loss: 0.0823
INFO:root:Epoch 4/5000 | Policy Loss: -0.1671 | Value Loss: 0.2234
INFO:root:Epoch 5/5000 | Policy Loss: -0.1564 | Value Loss: 0.0753
INFO:root:Epoch 6/5000 | Policy Loss: 0.2478 | Value Loss: 0.5010
INFO:root:Epoch 7/5000 | Policy Loss: 0.2177 | Value Loss: 0.3715
INFO:root:Epoch 8/5000 | Policy Loss: 0.1972 | Value Loss: 0.0874
INFO:root:Epoch 9/5000 | Policy Loss: -0.1059 | Value Loss: 0.9869
INFO:root:Epoch 10/5000 | Policy Loss: 0.2956 | Value Loss: 0.1618
INFO:root:Epoch 11/5000 | Policy Loss: 0.5005 | Value Loss: 0.1255
INFO:root:Epoch 12/5000 | Policy Loss: 0.1991 | Value Loss: 0.0981
INFO:root:Epoch 13/5000 | Policy Loss: -0.0255 | Value Loss: 0.2478
INFO:root:Epoch 14/5000 | Policy Loss: 0.2467 | Value Loss: 0.0717
INFO:root:Epoch 15/5000 | Policy Loss: 0.6462 | Value Loss: 0.1846
INFO:root:Epoch 16/5000 | Policy Loss: 0.1952 | Value Loss: 0.0936
INFO:root:Epoch 17/5000 | Policy Loss: 0.1546 | Value Loss: 0.0895
INFO:root:Epoch 18/5000 | Policy Loss: 0.4649 | Value Loss: 0.1116
INFO:root:Epoch 19/5000 | Policy Loss: 0.4948 | Value Loss: 0.0499
INFO:root:Epoch 20/5000 | Policy Loss: 0.3007 | Value Loss: 0.0844
INFO:root:Epoch 20 evaluation score: 0.21
INFO:root:Epoch 21/5000 | Policy Loss: 0.3202 | Value Loss: 0.0496
INFO:root:Epoch 22/5000 | Policy Loss: 0.3690 | Value Loss: 0.0739
INFO:root:Epoch 23/5000 | Policy Loss: 0.2251 | Value Loss: 0.0637
INFO:root:Epoch 24/5000 | Policy Loss: 0.0361 | Value Loss: 0.2305
INFO:root:Epoch 25/5000 | Policy Loss: 0.1065 | Value Loss: 0.0589
INFO:root:Epoch 26/5000 | Policy Loss: 0.0299 | Value Loss: 0.1017
INFO:root:Epoch 27/5000 | Policy Loss: 0.0219 | Value Loss: 0.0332
INFO:root:Epoch 28/5000 | Policy Loss: -0.1359 | Value Loss: 0.3214
INFO:root:Epoch 29/5000 | Policy Loss: -0.0462 | Value Loss: 0.4470
INFO:root:Epoch 30/5000 | Policy Loss: 0.0702 | Value Loss: 0.0440
INFO:root:Epoch 31/5000 | Policy Loss: 0.1824 | Value Loss: 0.0499
INFO:root:Epoch 32/5000 | Policy Loss: 0.0404 | Value Loss: 0.0987
INFO:root:Epoch 33/5000 | Policy Loss: 0.3145 | Value Loss: 0.0693
INFO:root:Epoch 34/5000 | Policy Loss: 0.1621 | Value Loss: 0.0520
INFO:root:Epoch 35/5000 | Policy Loss: -0.1299 | Value Loss: 0.3702
INFO:root:Epoch 36/5000 | Policy Loss: 0.1766 | Value Loss: 0.0712
INFO:root:Epoch 37/5000 | Policy Loss: 0.2346 | Value Loss: 0.1363
INFO:root:Epoch 38/5000 | Policy Loss: 0.3337 | Value Loss: 0.1125
INFO:root:Epoch 39/5000 | Policy Loss: 0.2505 | Value Loss: 0.0399
INFO:root:Epoch 40/5000 | Policy Loss: 0.2198 | Value Loss: 0.0648
INFO:root:Epoch 40 evaluation score: 0.64
INFO:root:Epoch 41/5000 | Policy Loss: 0.5993 | Value Loss: 0.1441
INFO:root:Epoch 42/5000 | Policy Loss: 0.1466 | Value Loss: 0.4837
INFO:root:Epoch 43/5000 | Policy Loss: 0.0852 | Value Loss: 0.1070
INFO:root:Epoch 44/5000 | Policy Loss: 0.3157 | Value Loss: 0.0873
INFO:root:Epoch 45/5000 | Policy Loss: 0.0452 | Value Loss: 0.0679
INFO:root:Epoch 46/5000 | Policy Loss: 0.4349 | Value Loss: 0.0700
INFO:root:Epoch 47/5000 | Policy Loss: 0.1847 | Value Loss: 0.0503
INFO:root:Epoch 48/5000 | Policy Loss: 0.2512 | Value Loss: 0.0509
INFO:root:Epoch 49/5000 | Policy Loss: 0.3412 | Value Loss: 0.0745
INFO:root:Epoch 50/5000 | Policy Loss: 0.1869 | Value Loss: 0.0360
INFO:root:Epoch 51/5000 | Policy Loss: -0.0783 | Value Loss: 0.3131
INFO:root:Epoch 52/5000 | Policy Loss: 0.2351 | Value Loss: 0.0731
INFO:root:Epoch 53/5000 | Policy Loss: -0.1327 | Value Loss: 0.7328
INFO:root:Epoch 54/5000 | Policy Loss: -0.1282 | Value Loss: 0.1406
INFO:root:Epoch 55/5000 | Policy Loss: 0.2509 | Value Loss: 0.0611
INFO:root:Epoch 56/5000 | Policy Loss: 0.0379 | Value Loss: 0.5521
INFO:root:Epoch 57/5000 | Policy Loss: 0.2733 | Value Loss: 0.2531
INFO:root:Epoch 58/5000 | Policy Loss: 0.2020 | Value Loss: 0.0712
INFO:root:Epoch 59/5000 | Policy Loss: 0.0887 | Value Loss: 0.0989
INFO:root:Epoch 60/5000 | Policy Loss: 0.2435 | Value Loss: 0.0983
INFO:root:Epoch 60 evaluation score: 0.24
INFO:root:Epoch 61/5000 | Policy Loss: 0.1687 | Value Loss: 0.1277
INFO:root:Epoch 62/5000 | Policy Loss: -0.0549 | Value Loss: 0.4265
INFO:root:Epoch 63/5000 | Policy Loss: 0.1934 | Value Loss: 0.0707
INFO:root:Epoch 64/5000 | Policy Loss: 0.2708 | Value Loss: 0.0437
INFO:root:Epoch 65/5000 | Policy Loss: 0.3383 | Value Loss: 0.0831
INFO:root:Epoch 66/5000 | Policy Loss: 0.2860 | Value Loss: 0.0232
INFO:root:Epoch 67/5000 | Policy Loss: -0.4126 | Value Loss: 0.7594
INFO:root:Epoch 68/5000 | Policy Loss: 0.3477 | Value Loss: 0.1121
INFO:root:Epoch 69/5000 | Policy Loss: 0.0962 | Value Loss: 0.1240
INFO:root:Epoch 70/5000 | Policy Loss: 0.2972 | Value Loss: 0.1881
INFO:root:Epoch 71/5000 | Policy Loss: -0.1453 | Value Loss: 0.3262
INFO:root:Epoch 72/5000 | Policy Loss: -0.1577 | Value Loss: 0.0943
INFO:root:Epoch 73/5000 | Policy Loss: -0.5110 | Value Loss: 0.1465
INFO:root:Epoch 74/5000 | Policy Loss: -0.0462 | Value Loss: 0.0681
INFO:root:Epoch 75/5000 | Policy Loss: 0.2783 | Value Loss: 0.1113
INFO:root:Epoch 76/5000 | Policy Loss: -0.2541 | Value Loss: 0.1276
INFO:root:Epoch 77/5000 | Policy Loss: -0.1031 | Value Loss: 0.6595
INFO:root:Epoch 78/5000 | Policy Loss: 0.1859 | Value Loss: 0.0908
INFO:root:Epoch 79/5000 | Policy Loss: 0.5508 | Value Loss: 0.1342
INFO:root:Epoch 80/5000 | Policy Loss: -0.2234 | Value Loss: 0.0744
INFO:root:Epoch 80 evaluation score: 0.59
INFO:root:Epoch 81/5000 | Policy Loss: 0.3859 | Value Loss: 0.0913
INFO:root:Epoch 82/5000 | Policy Loss: 0.2117 | Value Loss: 0.0350
INFO:root:Epoch 83/5000 | Policy Loss: -0.0111 | Value Loss: 0.0791
INFO:root:Epoch 84/5000 | Policy Loss: 0.2754 | Value Loss: 0.0445
INFO:root:Epoch 85/5000 | Policy Loss: 0.3623 | Value Loss: 0.0306
INFO:root:Epoch 86/5000 | Policy Loss: 0.1503 | Value Loss: 0.0242
INFO:root:Epoch 87/5000 | Policy Loss: -0.6781 | Value Loss: 0.5664
INFO:root:Epoch 88/5000 | Policy Loss: 0.3646 | Value Loss: 0.0639
INFO:root:Epoch 89/5000 | Policy Loss: 0.2498 | Value Loss: 0.0373
INFO:root:Epoch 90/5000 | Policy Loss: -0.6563 | Value Loss: 1.7146
INFO:root:Epoch 91/5000 | Policy Loss: 0.0927 | Value Loss: 0.1318
INFO:root:Epoch 92/5000 | Policy Loss: 0.0879 | Value Loss: 0.1033
INFO:root:Epoch 93/5000 | Policy Loss: 0.1132 | Value Loss: 0.0567
INFO:root:Epoch 94/5000 | Policy Loss: 0.2886 | Value Loss: 0.0555
INFO:root:Epoch 95/5000 | Policy Loss: -0.0012 | Value Loss: 0.0318
INFO:root:Epoch 96/5000 | Policy Loss: -0.4472 | Value Loss: 1.1204
INFO:root:Epoch 97/5000 | Policy Loss: 0.2762 | Value Loss: 0.2188
INFO:root:Epoch 98/5000 | Policy Loss: 0.3783 | Value Loss: 0.0715
INFO:root:Epoch 99/5000 | Policy Loss: -0.2097 | Value Loss: 0.1819
INFO:root:Epoch 100/5000 | Policy Loss: -0.3162 | Value Loss: 0.3057
INFO:root:Epoch 100 evaluation score: 0.22
INFO:root:Epoch 101/5000 | Policy Loss: 0.1669 | Value Loss: 0.0594
INFO:root:Epoch 102/5000 | Policy Loss: 0.1849 | Value Loss: 0.0557
INFO:root:Epoch 103/5000 | Policy Loss: 0.0263 | Value Loss: 0.0764
INFO:root:Epoch 104/5000 | Policy Loss: -0.1030 | Value Loss: 0.4483
INFO:root:Epoch 105/5000 | Policy Loss: 0.1454 | Value Loss: 0.0697
INFO:root:Epoch 106/5000 | Policy Loss: 0.4291 | Value Loss: 0.0453
INFO:root:Epoch 107/5000 | Policy Loss: 0.2701 | Value Loss: 0.0350
INFO:root:Epoch 108/5000 | Policy Loss: 0.0296 | Value Loss: 0.0778
INFO:root:Epoch 109/5000 | Policy Loss: -0.1059 | Value Loss: 0.1501
INFO:root:Epoch 110/5000 | Policy Loss: -0.0991 | Value Loss: 0.0852
INFO:root:Epoch 111/5000 | Policy Loss: -0.2407 | Value Loss: 0.1061
INFO:root:Epoch 112/5000 | Policy Loss: -0.3330 | Value Loss: 0.3742
INFO:root:Epoch 113/5000 | Policy Loss: 0.1617 | Value Loss: 0.0954
INFO:root:Epoch 114/5000 | Policy Loss: 0.2805 | Value Loss: 0.0470
INFO:root:Epoch 115/5000 | Policy Loss: 0.0759 | Value Loss: 0.0283
INFO:root:Epoch 116/5000 | Policy Loss: -0.3487 | Value Loss: 0.1236
INFO:root:Epoch 117/5000 | Policy Loss: -0.2186 | Value Loss: 0.3687
INFO:root:Epoch 118/5000 | Policy Loss: 0.0465 | Value Loss: 0.0775
INFO:root:Epoch 119/5000 | Policy Loss: 0.3258 | Value Loss: 0.0631
INFO:root:Epoch 120/5000 | Policy Loss: 0.2666 | Value Loss: 0.0242
INFO:root:Epoch 120 evaluation score: 0.44
INFO:root:Epoch 121/5000 | Policy Loss: 0.1550 | Value Loss: 0.0211
INFO:root:Epoch 122/5000 | Policy Loss: -0.0551 | Value Loss: 0.1185
INFO:root:Epoch 123/5000 | Policy Loss: 0.1576 | Value Loss: 0.0195
INFO:root:Epoch 124/5000 | Policy Loss: -0.9347 | Value Loss: 0.9361
INFO:root:Epoch 125/5000 | Policy Loss: 0.4073 | Value Loss: 0.1620
INFO:root:Epoch 126/5000 | Policy Loss: 0.2373 | Value Loss: 0.0483
INFO:root:Epoch 127/5000 | Policy Loss: -0.0991 | Value Loss: 0.2608
INFO:root:Epoch 128/5000 | Policy Loss: 0.5174 | Value Loss: 0.1072
INFO:root:Epoch 129/5000 | Policy Loss: -0.0514 | Value Loss: 0.2418
INFO:root:Epoch 130/5000 | Policy Loss: 0.2191 | Value Loss: 0.0384
INFO:root:Epoch 131/5000 | Policy Loss: -0.1469 | Value Loss: 0.0526
INFO:root:Epoch 132/5000 | Policy Loss: 0.0013 | Value Loss: 0.0303
INFO:root:Epoch 133/5000 | Policy Loss: 0.2221 | Value Loss: 0.0458
INFO:root:Epoch 134/5000 | Policy Loss: 0.1353 | Value Loss: 0.1221
INFO:root:Epoch 135/5000 | Policy Loss: -0.2067 | Value Loss: 0.1578
INFO:root:Epoch 136/5000 | Policy Loss: -0.8872 | Value Loss: 1.4940
INFO:root:Epoch 137/5000 | Policy Loss: -0.4732 | Value Loss: 0.2488
INFO:root:Epoch 138/5000 | Policy Loss: -0.1905 | Value Loss: 0.1314
INFO:root:Epoch 139/5000 | Policy Loss: -0.2360 | Value Loss: 0.1606
INFO:root:Epoch 140/5000 | Policy Loss: 0.3235 | Value Loss: 0.0523
INFO:root:Epoch 140 evaluation score: 0.25
INFO:root:Epoch 141/5000 | Policy Loss: 0.0567 | Value Loss: 0.0647
INFO:root:Epoch 142/5000 | Policy Loss: -0.0534 | Value Loss: 0.1240
INFO:root:Epoch 143/5000 | Policy Loss: 0.2405 | Value Loss: 0.0490
INFO:root:Epoch 144/5000 | Policy Loss: 0.1225 | Value Loss: 0.0274
INFO:root:Epoch 145/5000 | Policy Loss: -0.1089 | Value Loss: 0.0779
INFO:root:Epoch 146/5000 | Policy Loss: 0.0921 | Value Loss: 0.0334
INFO:root:Epoch 147/5000 | Policy Loss: -0.1249 | Value Loss: 0.1120
INFO:root:Epoch 148/5000 | Policy Loss: 0.0011 | Value Loss: 0.0330
INFO:root:Epoch 149/5000 | Policy Loss: -0.2394 | Value Loss: 0.3309
INFO:root:Epoch 150/5000 | Policy Loss: 0.5057 | Value Loss: 0.2652
INFO:root:Epoch 151/5000 | Policy Loss: -0.1879 | Value Loss: 0.1446
INFO:root:Epoch 152/5000 | Policy Loss: 0.0588 | Value Loss: 0.0486
INFO:root:Epoch 153/5000 | Policy Loss: 0.3323 | Value Loss: 0.0341
INFO:root:Epoch 154/5000 | Policy Loss: 0.0696 | Value Loss: 0.0537
INFO:root:Epoch 155/5000 | Policy Loss: 0.3513 | Value Loss: 0.0490
INFO:root:Epoch 156/5000 | Policy Loss: 0.1261 | Value Loss: 0.0245
INFO:root:Epoch 157/5000 | Policy Loss: 0.2907 | Value Loss: 0.0662
INFO:root:Epoch 158/5000 | Policy Loss: 0.1932 | Value Loss: 0.0189
INFO:root:Epoch 159/5000 | Policy Loss: 0.1441 | Value Loss: 0.0474
INFO:root:Epoch 160/5000 | Policy Loss: 0.0522 | Value Loss: 0.0401
INFO:root:Epoch 160 evaluation score: -0.03
INFO:root:Epoch 161/5000 | Policy Loss: -0.0784 | Value Loss: 0.1485
INFO:root:Epoch 162/5000 | Policy Loss: 0.1535 | Value Loss: 0.0277
INFO:root:Epoch 163/5000 | Policy Loss: -0.1911 | Value Loss: 0.1060
INFO:root:Epoch 164/5000 | Policy Loss: 0.1697 | Value Loss: 0.0283
INFO:root:Epoch 165/5000 | Policy Loss: 0.2763 | Value Loss: 0.0293
INFO:root:Epoch 166/5000 | Policy Loss: 0.2988 | Value Loss: 0.0165
INFO:root:Epoch 167/5000 | Policy Loss: -1.2833 | Value Loss: 0.2191
INFO:root:Epoch 168/5000 | Policy Loss: -0.6839 | Value Loss: 0.2702
INFO:root:Epoch 169/5000 | Policy Loss: 0.2217 | Value Loss: 0.0381
INFO:root:Epoch 170/5000 | Policy Loss: 0.3071 | Value Loss: 0.0455
INFO:root:Epoch 171/5000 | Policy Loss: 0.2231 | Value Loss: 0.0219
INFO:root:Epoch 172/5000 | Policy Loss: -0.2598 | Value Loss: 0.0852
INFO:root:Epoch 173/5000 | Policy Loss: -0.1034 | Value Loss: 0.0266
INFO:root:Epoch 174/5000 | Policy Loss: -0.1999 | Value Loss: 0.0290
INFO:root:Epoch 175/5000 | Policy Loss: -0.0853 | Value Loss: 0.6974
INFO:root:Epoch 176/5000 | Policy Loss: 0.0249 | Value Loss: 0.1230
INFO:root:Epoch 177/5000 | Policy Loss: 0.1158 | Value Loss: 0.0314
INFO:root:Epoch 178/5000 | Policy Loss: 0.0686 | Value Loss: 0.0201
INFO:root:Epoch 179/5000 | Policy Loss: 0.2016 | Value Loss: 0.5708
INFO:root:Epoch 180/5000 | Policy Loss: 0.2734 | Value Loss: 0.0292
INFO:root:Epoch 180 evaluation score: 0.75
INFO:root:Epoch 181/5000 | Policy Loss: 0.1041 | Value Loss: 0.0239
INFO:root:Epoch 182/5000 | Policy Loss: -0.0669 | Value Loss: 0.0497
INFO:root:Epoch 183/5000 | Policy Loss: 0.1466 | Value Loss: 0.0194
INFO:root:Epoch 184/5000 | Policy Loss: -0.2050 | Value Loss: 0.5080
INFO:root:Epoch 185/5000 | Policy Loss: -0.1473 | Value Loss: 0.0454
INFO:root:Epoch 186/5000 | Policy Loss: -0.0555 | Value Loss: 0.0227
INFO:root:Epoch 187/5000 | Policy Loss: 0.1634 | Value Loss: 0.0886
INFO:root:Epoch 188/5000 | Policy Loss: -0.8921 | Value Loss: 0.5093
INFO:root:Epoch 189/5000 | Policy Loss: 0.1132 | Value Loss: 0.0461
INFO:root:Epoch 190/5000 | Policy Loss: 0.1316 | Value Loss: 0.0252
INFO:root:Epoch 191/5000 | Policy Loss: 0.1506 | Value Loss: 0.0156
INFO:root:Epoch 192/5000 | Policy Loss: -0.1079 | Value Loss: 0.1924
INFO:root:Epoch 193/5000 | Policy Loss: -0.5255 | Value Loss: 0.0738
INFO:root:Epoch 194/5000 | Policy Loss: -1.1553 | Value Loss: 0.2474
INFO:root:Epoch 195/5000 | Policy Loss: -0.1418 | Value Loss: 0.0598
INFO:root:Epoch 196/5000 | Policy Loss: -0.1127 | Value Loss: 0.0512
INFO:root:Epoch 197/5000 | Policy Loss: -0.2017 | Value Loss: 0.0871
INFO:root:Epoch 198/5000 | Policy Loss: -0.1002 | Value Loss: 0.0687
INFO:root:Epoch 199/5000 | Policy Loss: 0.4975 | Value Loss: 0.0385
INFO:root:Epoch 200/5000 | Policy Loss: 0.1235 | Value Loss: 0.0177
INFO:root:Epoch 200 evaluation score: 0.30
INFO:root:Epoch 201/5000 | Policy Loss: 0.1296 | Value Loss: 0.0215
INFO:root:Epoch 202/5000 | Policy Loss: 0.1549 | Value Loss: 0.0428
INFO:root:Epoch 203/5000 | Policy Loss: -0.2123 | Value Loss: 0.1964
INFO:root:Epoch 204/5000 | Policy Loss: 0.1053 | Value Loss: 0.0445
INFO:root:Epoch 205/5000 | Policy Loss: 0.0388 | Value Loss: 0.0273
INFO:root:Epoch 206/5000 | Policy Loss: 0.3609 | Value Loss: 0.0175
INFO:root:Epoch 207/5000 | Policy Loss: -0.1149 | Value Loss: 0.1271
INFO:root:Epoch 208/5000 | Policy Loss: -0.3311 | Value Loss: 0.0250
INFO:root:Epoch 209/5000 | Policy Loss: 0.1886 | Value Loss: 0.0222
INFO:root:Epoch 210/5000 | Policy Loss: 0.2389 | Value Loss: 0.0172
INFO:root:Epoch 211/5000 | Policy Loss: 0.0791 | Value Loss: 0.0482
INFO:root:Epoch 212/5000 | Policy Loss: 0.1036 | Value Loss: 0.0136
INFO:root:Epoch 213/5000 | Policy Loss: -0.7405 | Value Loss: 0.0773
INFO:root:Epoch 214/5000 | Policy Loss: -0.2068 | Value Loss: 0.0810
INFO:root:Epoch 215/5000 | Policy Loss: 0.2653 | Value Loss: 0.0246
INFO:root:Epoch 216/5000 | Policy Loss: -0.5447 | Value Loss: 0.0605
INFO:root:Epoch 217/5000 | Policy Loss: -0.2210 | Value Loss: 0.0165
INFO:root:Epoch 218/5000 | Policy Loss: -0.1206 | Value Loss: 0.6093
INFO:root:Epoch 219/5000 | Policy Loss: 0.1723 | Value Loss: 0.0351
INFO:root:Epoch 220/5000 | Policy Loss: -0.0478 | Value Loss: 0.0570
INFO:root:Epoch 220 evaluation score: 0.60
INFO:root:Epoch 221/5000 | Policy Loss: 0.0909 | Value Loss: 0.0245
INFO:root:Epoch 222/5000 | Policy Loss: -0.2478 | Value Loss: 0.2225
INFO:root:Epoch 223/5000 | Policy Loss: 0.1023 | Value Loss: 0.0522
INFO:root:Epoch 224/5000 | Policy Loss: -0.4020 | Value Loss: 0.0862
INFO:root:Epoch 225/5000 | Policy Loss: -0.6378 | Value Loss: 0.0292
INFO:root:Epoch 226/5000 | Policy Loss: -2.1646 | Value Loss: 0.3761
INFO:root:Epoch 227/5000 | Policy Loss: 0.1670 | Value Loss: 0.0614
INFO:root:Epoch 228/5000 | Policy Loss: -0.1410 | Value Loss: 0.2007
INFO:root:Epoch 229/5000 | Policy Loss: -0.1434 | Value Loss: 0.0698
INFO:root:Epoch 230/5000 | Policy Loss: 0.0374 | Value Loss: 0.0201
INFO:root:Epoch 231/5000 | Policy Loss: 0.0591 | Value Loss: 0.0242
INFO:root:Epoch 232/5000 | Policy Loss: 0.1841 | Value Loss: 0.0261
INFO:root:Epoch 233/5000 | Policy Loss: -0.0763 | Value Loss: 0.0304
INFO:root:Epoch 234/5000 | Policy Loss: 0.1709 | Value Loss: 0.0160
INFO:root:Epoch 235/5000 | Policy Loss: -0.6448 | Value Loss: 0.1420
INFO:root:Epoch 236/5000 | Policy Loss: 0.4793 | Value Loss: 0.0333
INFO:root:Epoch 237/5000 | Policy Loss: 0.0142 | Value Loss: 0.0131
INFO:root:Epoch 238/5000 | Policy Loss: 0.2289 | Value Loss: 0.0218
INFO:root:Epoch 239/5000 | Policy Loss: 0.0906 | Value Loss: 0.0220
INFO:root:Epoch 240/5000 | Policy Loss: -0.4632 | Value Loss: 0.2544
INFO:root:Epoch 240 evaluation score: 0.33
INFO:root:Epoch 241/5000 | Policy Loss: 0.3120 | Value Loss: 0.0152
INFO:root:Epoch 242/5000 | Policy Loss: -0.2007 | Value Loss: 0.0240
INFO:root:Epoch 243/5000 | Policy Loss: -0.0431 | Value Loss: 0.0104
INFO:root:Epoch 244/5000 | Policy Loss: -0.3442 | Value Loss: 0.0382
INFO:root:Epoch 245/5000 | Policy Loss: 0.1455 | Value Loss: 0.0120
INFO:root:Epoch 246/5000 | Policy Loss: 0.3326 | Value Loss: 0.0142
INFO:root:Epoch 247/5000 | Policy Loss: -0.3778 | Value Loss: 0.0658
INFO:root:Epoch 248/5000 | Policy Loss: -0.0562 | Value Loss: 0.0186
INFO:root:Epoch 249/5000 | Policy Loss: -0.0268 | Value Loss: 0.0119
INFO:root:Epoch 250/5000 | Policy Loss: -0.2175 | Value Loss: 0.0238
INFO:root:Epoch 251/5000 | Policy Loss: 0.3420 | Value Loss: 0.0214
INFO:root:Epoch 252/5000 | Policy Loss: 0.0866 | Value Loss: 0.0370
INFO:root:Epoch 253/5000 | Policy Loss: -0.2547 | Value Loss: 0.0260
INFO:root:Epoch 254/5000 | Policy Loss: -0.3596 | Value Loss: 0.0475
INFO:root:Epoch 255/5000 | Policy Loss: -0.1014 | Value Loss: 0.0685
INFO:root:Epoch 256/5000 | Policy Loss: 0.3167 | Value Loss: 0.0172
INFO:root:Epoch 257/5000 | Policy Loss: 0.2862 | Value Loss: 0.0114
INFO:root:Epoch 258/5000 | Policy Loss: -0.4036 | Value Loss: 0.0267
INFO:root:Epoch 259/5000 | Policy Loss: -0.6673 | Value Loss: 0.0951
INFO:root:Epoch 260/5000 | Policy Loss: -0.4854 | Value Loss: 0.0235
INFO:root:Epoch 260 evaluation score: 0.41
INFO:root:Epoch 261/5000 | Policy Loss: -0.3679 | Value Loss: 0.8712
INFO:root:Epoch 262/5000 | Policy Loss: 0.0982 | Value Loss: 0.1078
INFO:root:Epoch 263/5000 | Policy Loss: 0.0420 | Value Loss: 0.0205
INFO:root:Epoch 264/5000 | Policy Loss: 0.5651 | Value Loss: 0.0438
INFO:root:Epoch 265/5000 | Policy Loss: -0.0393 | Value Loss: 0.0291
INFO:root:Epoch 266/5000 | Policy Loss: 0.0112 | Value Loss: 0.0152
INFO:root:Epoch 267/5000 | Policy Loss: 0.2320 | Value Loss: 0.0147
INFO:root:Epoch 268/5000 | Policy Loss: -0.5223 | Value Loss: 0.0800
INFO:root:Epoch 269/5000 | Policy Loss: 0.3776 | Value Loss: 0.0329
INFO:root:Epoch 270/5000 | Policy Loss: -0.5012 | Value Loss: 0.1939
INFO:root:Epoch 271/5000 | Policy Loss: -0.6909 | Value Loss: 0.1690
INFO:root:Epoch 272/5000 | Policy Loss: 0.0069 | Value Loss: 0.0316
INFO:root:Epoch 273/5000 | Policy Loss: -0.0017 | Value Loss: 0.0116
INFO:root:Epoch 274/5000 | Policy Loss: -0.2648 | Value Loss: 0.0448
INFO:root:Epoch 275/5000 | Policy Loss: 0.1257 | Value Loss: 0.0226
INFO:root:Epoch 276/5000 | Policy Loss: -0.7470 | Value Loss: 0.5257
INFO:root:Epoch 277/5000 | Policy Loss: -0.7667 | Value Loss: 0.1141
INFO:root:Epoch 278/5000 | Policy Loss: 0.3197 | Value Loss: 0.1043
INFO:root:Epoch 279/5000 | Policy Loss: -0.4366 | Value Loss: 0.0769
INFO:root:Epoch 280/5000 | Policy Loss: 0.0819 | Value Loss: 0.0179
INFO:root:Epoch 280 evaluation score: 0.90
INFO:root:Epoch 281/5000 | Policy Loss: 0.4189 | Value Loss: 0.0108
INFO:root:Epoch 282/5000 | Policy Loss: -1.3456 | Value Loss: 0.1185
INFO:root:Epoch 283/5000 | Policy Loss: 0.0655 | Value Loss: 0.0151
INFO:root:Epoch 284/5000 | Policy Loss: 0.2019 | Value Loss: 0.0186
INFO:root:Epoch 285/5000 | Policy Loss: 0.0178 | Value Loss: 0.0285
INFO:root:Epoch 286/5000 | Policy Loss: 0.3158 | Value Loss: 0.0178
INFO:root:Epoch 287/5000 | Policy Loss: -0.1608 | Value Loss: 0.0158
INFO:root:Epoch 288/5000 | Policy Loss: -0.4234 | Value Loss: 0.0557
INFO:root:Epoch 289/5000 | Policy Loss: -0.6919 | Value Loss: 0.1247
INFO:root:Epoch 290/5000 | Policy Loss: -0.1926 | Value Loss: 0.0604
INFO:root:Epoch 291/5000 | Policy Loss: -0.2024 | Value Loss: 0.1223
INFO:root:Epoch 292/5000 | Policy Loss: 0.2362 | Value Loss: 0.0174
INFO:root:Epoch 293/5000 | Policy Loss: 0.2073 | Value Loss: 0.0222
INFO:root:Epoch 294/5000 | Policy Loss: 0.3726 | Value Loss: 0.0156
INFO:root:Epoch 295/5000 | Policy Loss: -0.1968 | Value Loss: 0.0080
INFO:root:Epoch 296/5000 | Policy Loss: -0.2269 | Value Loss: 0.0266
INFO:root:Epoch 297/5000 | Policy Loss: 0.0124 | Value Loss: 0.0570
INFO:root:Epoch 298/5000 | Policy Loss: -0.3763 | Value Loss: 0.0676
INFO:root:Epoch 299/5000 | Policy Loss: -0.2842 | Value Loss: 0.0531
INFO:root:Epoch 300/5000 | Policy Loss: 0.2668 | Value Loss: 0.0140
INFO:root:Epoch 300 evaluation score: 0.38
INFO:root:Epoch 301/5000 | Policy Loss: -0.8812 | Value Loss: 0.0591
INFO:root:Epoch 302/5000 | Policy Loss: 0.0042 | Value Loss: 0.0137
INFO:root:Epoch 303/5000 | Policy Loss: -0.3784 | Value Loss: 0.0188
INFO:root:Epoch 304/5000 | Policy Loss: 0.1019 | Value Loss: 0.0573
INFO:root:Epoch 305/5000 | Policy Loss: -0.3218 | Value Loss: 0.1275
INFO:root:Epoch 306/5000 | Policy Loss: 0.1043 | Value Loss: 0.0091
INFO:root:Epoch 307/5000 | Policy Loss: 0.3049 | Value Loss: 0.0104
INFO:root:Epoch 308/5000 | Policy Loss: -0.2582 | Value Loss: 0.0248
INFO:root:Epoch 309/5000 | Policy Loss: 0.0829 | Value Loss: 0.0174
INFO:root:Epoch 310/5000 | Policy Loss: 0.0974 | Value Loss: 0.0204
INFO:root:Epoch 311/5000 | Policy Loss: -0.3430 | Value Loss: 0.3308
INFO:root:Epoch 312/5000 | Policy Loss: 0.1914 | Value Loss: 0.0194
INFO:root:Epoch 313/5000 | Policy Loss: -0.1648 | Value Loss: 0.1011
INFO:root:Epoch 314/5000 | Policy Loss: 0.0271 | Value Loss: 0.0308
INFO:root:Epoch 315/5000 | Policy Loss: -0.3295 | Value Loss: 0.0753
INFO:root:Epoch 316/5000 | Policy Loss: -0.3708 | Value Loss: 0.6621
INFO:root:Epoch 317/5000 | Policy Loss: -0.5969 | Value Loss: 0.1173
INFO:root:Epoch 318/5000 | Policy Loss: 0.4333 | Value Loss: 0.0815
INFO:root:Epoch 319/5000 | Policy Loss: 0.0945 | Value Loss: 0.0407
INFO:root:Epoch 320/5000 | Policy Loss: -0.5320 | Value Loss: 0.0396
INFO:root:Epoch 320 evaluation score: 0.00
INFO:root:Epoch 321/5000 | Policy Loss: 0.1530 | Value Loss: 0.0296
INFO:root:Epoch 322/5000 | Policy Loss: -0.5953 | Value Loss: 0.1164
INFO:root:Epoch 323/5000 | Policy Loss: -0.0780 | Value Loss: 0.0416
INFO:root:Epoch 324/5000 | Policy Loss: -0.6567 | Value Loss: 0.7338
INFO:root:Epoch 325/5000 | Policy Loss: 0.3220 | Value Loss: 0.1169
INFO:root:Epoch 326/5000 | Policy Loss: -0.1384 | Value Loss: 0.4000
INFO:root:Epoch 327/5000 | Policy Loss: -0.3925 | Value Loss: 0.1474
INFO:root:Epoch 328/5000 | Policy Loss: -0.0887 | Value Loss: 0.1900
INFO:root:Epoch 329/5000 | Policy Loss: -0.5166 | Value Loss: 0.0728
INFO:root:Epoch 330/5000 | Policy Loss: 0.1809 | Value Loss: 0.0430
INFO:root:Epoch 331/5000 | Policy Loss: -0.3153 | Value Loss: 0.0512
INFO:root:Epoch 332/5000 | Policy Loss: -0.2011 | Value Loss: 0.0625
INFO:root:Epoch 333/5000 | Policy Loss: -0.2197 | Value Loss: 0.1491
INFO:root:Epoch 334/5000 | Policy Loss: -1.0773 | Value Loss: 0.4164
INFO:root:Epoch 335/5000 | Policy Loss: 0.2170 | Value Loss: 0.1066
INFO:root:Epoch 336/5000 | Policy Loss: -0.3236 | Value Loss: 0.0823
INFO:root:Epoch 337/5000 | Policy Loss: 0.1888 | Value Loss: 0.0310
INFO:root:Epoch 338/5000 | Policy Loss: -0.0962 | Value Loss: 0.0440
INFO:root:Epoch 339/5000 | Policy Loss: 0.2791 | Value Loss: 0.0333
INFO:root:Epoch 340/5000 | Policy Loss: -0.3864 | Value Loss: 0.1600
INFO:root:Epoch 340 evaluation score: 1.21
INFO:root:Epoch 341/5000 | Policy Loss: -0.0442 | Value Loss: 0.2201
INFO:root:Epoch 342/5000 | Policy Loss: 0.1007 | Value Loss: 0.0166
INFO:root:Epoch 343/5000 | Policy Loss: -0.2348 | Value Loss: 0.0790
INFO:root:Epoch 344/5000 | Policy Loss: 0.3584 | Value Loss: 0.0382
INFO:root:Epoch 345/5000 | Policy Loss: -0.1818 | Value Loss: 0.0865
INFO:root:Epoch 346/5000 | Policy Loss: -0.0860 | Value Loss: 0.0285
INFO:root:Epoch 347/5000 | Policy Loss: -0.3504 | Value Loss: 0.0765
INFO:root:Epoch 348/5000 | Policy Loss: -0.3723 | Value Loss: 0.0572
INFO:root:Epoch 349/5000 | Policy Loss: -0.5762 | Value Loss: 0.0794
INFO:root:Epoch 350/5000 | Policy Loss: -0.4298 | Value Loss: 0.0797
INFO:root:Epoch 351/5000 | Policy Loss: -0.2129 | Value Loss: 0.0319
INFO:root:Epoch 352/5000 | Policy Loss: 0.1441 | Value Loss: 0.0194
INFO:root:Epoch 353/5000 | Policy Loss: -0.0148 | Value Loss: 0.0426
INFO:root:Epoch 354/5000 | Policy Loss: 0.1717 | Value Loss: 0.0168
INFO:root:Epoch 355/5000 | Policy Loss: 0.1742 | Value Loss: 0.0149
INFO:root:Epoch 356/5000 | Policy Loss: 0.0453 | Value Loss: 0.0141
INFO:root:Epoch 357/5000 | Policy Loss: 0.1518 | Value Loss: 0.0143
INFO:root:Epoch 358/5000 | Policy Loss: -0.4046 | Value Loss: 0.1104
INFO:root:Epoch 359/5000 | Policy Loss: -0.3232 | Value Loss: 0.0659
INFO:root:Epoch 360/5000 | Policy Loss: -0.1340 | Value Loss: 0.0286
INFO:root:Epoch 360 evaluation score: -0.16
INFO:root:Epoch 361/5000 | Policy Loss: -0.3352 | Value Loss: 0.0152
INFO:root:Epoch 362/5000 | Policy Loss: -0.9549 | Value Loss: 0.0594
INFO:root:Epoch 363/5000 | Policy Loss: -0.4202 | Value Loss: 0.0206
INFO:root:Epoch 364/5000 | Policy Loss: -0.5269 | Value Loss: 0.0537
INFO:root:Epoch 365/5000 | Policy Loss: -0.4168 | Value Loss: 0.1216
INFO:root:Epoch 366/5000 | Policy Loss: -0.4209 | Value Loss: 0.0709
INFO:root:Epoch 367/5000 | Policy Loss: -0.3351 | Value Loss: 0.0355
INFO:root:Epoch 368/5000 | Policy Loss: 0.1829 | Value Loss: 0.0122
INFO:root:Epoch 369/5000 | Policy Loss: 0.3617 | Value Loss: 0.0219
INFO:root:Epoch 370/5000 | Policy Loss: 0.2821 | Value Loss: 0.0159
INFO:root:Epoch 371/5000 | Policy Loss: -0.7966 | Value Loss: 0.1059
INFO:root:Epoch 372/5000 | Policy Loss: -0.6716 | Value Loss: 0.1123
INFO:root:Epoch 373/5000 | Policy Loss: -1.0421 | Value Loss: 0.2627
INFO:root:Epoch 374/5000 | Policy Loss: -0.3250 | Value Loss: 0.0437
INFO:root:Epoch 375/5000 | Policy Loss: -0.3554 | Value Loss: 0.1038
INFO:root:Epoch 376/5000 | Policy Loss: 0.1750 | Value Loss: 0.0147
INFO:root:Epoch 377/5000 | Policy Loss: -0.6172 | Value Loss: 0.1159
INFO:root:Epoch 378/5000 | Policy Loss: 0.1225 | Value Loss: 0.0277
INFO:root:Epoch 379/5000 | Policy Loss: -0.3884 | Value Loss: 0.0585
INFO:root:Epoch 380/5000 | Policy Loss: 0.1031 | Value Loss: 0.0101
INFO:root:Epoch 380 evaluation score: -0.82
INFO:root:Epoch 381/5000 | Policy Loss: -0.2799 | Value Loss: 0.0368
INFO:root:Epoch 382/5000 | Policy Loss: -0.2941 | Value Loss: 0.0275
INFO:root:Epoch 383/5000 | Policy Loss: -0.8723 | Value Loss: 0.0395
INFO:root:Epoch 384/5000 | Policy Loss: -0.3849 | Value Loss: 0.0214
INFO:root:Epoch 385/5000 | Policy Loss: 0.1863 | Value Loss: 0.0147
INFO:root:Epoch 386/5000 | Policy Loss: -0.1211 | Value Loss: 0.0248
INFO:root:Epoch 387/5000 | Policy Loss: 0.1799 | Value Loss: 0.0101
INFO:root:Epoch 388/5000 | Policy Loss: -0.1266 | Value Loss: 0.0121
INFO:root:Epoch 389/5000 | Policy Loss: -0.6168 | Value Loss: 0.0434
INFO:root:Epoch 390/5000 | Policy Loss: -1.3884 | Value Loss: 0.1666
INFO:root:Epoch 391/5000 | Policy Loss: -0.7737 | Value Loss: 0.0693
INFO:root:Epoch 392/5000 | Policy Loss: 0.1014 | Value Loss: 0.0100
INFO:root:Epoch 393/5000 | Policy Loss: 0.1984 | Value Loss: 0.0115
INFO:root:Epoch 394/5000 | Policy Loss: 0.2631 | Value Loss: 0.0159
INFO:root:Epoch 395/5000 | Policy Loss: -0.8658 | Value Loss: 0.0297
INFO:root:Epoch 396/5000 | Policy Loss: 0.3678 | Value Loss: 0.0114
INFO:root:Epoch 397/5000 | Policy Loss: -0.7917 | Value Loss: 0.0854
INFO:root:Epoch 398/5000 | Policy Loss: -0.0365 | Value Loss: 0.0243
INFO:root:Epoch 399/5000 | Policy Loss: -0.9004 | Value Loss: 0.0811
INFO:root:Epoch 400/5000 | Policy Loss: -0.6705 | Value Loss: 0.0444
INFO:root:Epoch 400 evaluation score: 0.62
INFO:root:Epoch 401/5000 | Policy Loss: -0.3765 | Value Loss: 0.0168
INFO:root:Epoch 402/5000 | Policy Loss: -0.6072 | Value Loss: 0.0363
INFO:root:Epoch 403/5000 | Policy Loss: -0.0230 | Value Loss: 0.0216
INFO:root:Epoch 404/5000 | Policy Loss: 0.2533 | Value Loss: 0.0149
INFO:root:Epoch 405/5000 | Policy Loss: -0.3100 | Value Loss: 0.0371
INFO:root:Epoch 406/5000 | Policy Loss: -0.9772 | Value Loss: 0.0934
INFO:root:Epoch 407/5000 | Policy Loss: -0.2192 | Value Loss: 0.2154
INFO:root:Epoch 408/5000 | Policy Loss: -0.6994 | Value Loss: 0.0234
INFO:root:Epoch 409/5000 | Policy Loss: 0.0562 | Value Loss: 0.0238
INFO:root:Epoch 410/5000 | Policy Loss: -0.2594 | Value Loss: 0.0729
INFO:root:Epoch 411/5000 | Policy Loss: -0.2392 | Value Loss: 0.1141
INFO:root:Epoch 412/5000 | Policy Loss: -0.4848 | Value Loss: 0.0229
INFO:root:Epoch 413/5000 | Policy Loss: 0.1817 | Value Loss: 0.0114
INFO:root:Epoch 414/5000 | Policy Loss: 0.2114 | Value Loss: 0.0188
INFO:root:Epoch 415/5000 | Policy Loss: -0.2016 | Value Loss: 0.0635
INFO:root:Epoch 416/5000 | Policy Loss: 0.1499 | Value Loss: 0.0075
INFO:root:Epoch 417/5000 | Policy Loss: -0.1041 | Value Loss: 0.2453
INFO:root:Epoch 418/5000 | Policy Loss: -0.6843 | Value Loss: 0.0362
INFO:root:Epoch 419/5000 | Policy Loss: -0.2177 | Value Loss: 0.0256
INFO:root:Epoch 420/5000 | Policy Loss: -0.2582 | Value Loss: 0.0272
INFO:root:Epoch 420 evaluation score: -0.23
INFO:root:Epoch 421/5000 | Policy Loss: -0.2344 | Value Loss: 0.0242
INFO:root:Epoch 422/5000 | Policy Loss: -1.1960 | Value Loss: 0.0849
INFO:root:Epoch 423/5000 | Policy Loss: -0.4714 | Value Loss: 0.0413
INFO:root:Epoch 424/5000 | Policy Loss: -0.0396 | Value Loss: 0.0332
INFO:root:Epoch 425/5000 | Policy Loss: -0.9466 | Value Loss: 0.4019
INFO:root:Epoch 426/5000 | Policy Loss: -0.2687 | Value Loss: 0.0358
INFO:root:Epoch 427/5000 | Policy Loss: -0.4734 | Value Loss: 0.0610
INFO:root:Epoch 428/5000 | Policy Loss: -0.6061 | Value Loss: 0.0791
INFO:root:Epoch 429/5000 | Policy Loss: 0.2587 | Value Loss: 0.0225
INFO:root:Epoch 430/5000 | Policy Loss: -0.5493 | Value Loss: 0.0159
INFO:root:Epoch 431/5000 | Policy Loss: 0.1577 | Value Loss: 0.0525
INFO:root:Epoch 432/5000 | Policy Loss: 0.1539 | Value Loss: 0.0155
INFO:root:Epoch 433/5000 | Policy Loss: 0.2571 | Value Loss: 0.0089
INFO:root:Epoch 434/5000 | Policy Loss: 0.1271 | Value Loss: 0.0111
INFO:root:Epoch 435/5000 | Policy Loss: -0.4634 | Value Loss: 0.0383
INFO:root:Epoch 436/5000 | Policy Loss: -0.3365 | Value Loss: 0.0231
INFO:root:Epoch 437/5000 | Policy Loss: -0.6873 | Value Loss: 0.1136
INFO:root:Epoch 438/5000 | Policy Loss: -1.1709 | Value Loss: 0.4215
INFO:root:Epoch 439/5000 | Policy Loss: 0.1356 | Value Loss: 0.0352
INFO:root:Epoch 440/5000 | Policy Loss: -0.1915 | Value Loss: 0.0373
INFO:root:Epoch 440 evaluation score: 0.89
INFO:root:Epoch 441/5000 | Policy Loss: 0.3116 | Value Loss: 0.0523
INFO:root:Epoch 442/5000 | Policy Loss: 0.0143 | Value Loss: 0.0164
INFO:root:Epoch 443/5000 | Policy Loss: 0.1272 | Value Loss: 0.0259
INFO:root:Epoch 444/5000 | Policy Loss: 0.1295 | Value Loss: 0.0100
INFO:root:Epoch 445/5000 | Policy Loss: -0.2799 | Value Loss: 0.0237
INFO:root:Epoch 446/5000 | Policy Loss: -0.4340 | Value Loss: 0.0870
INFO:root:Epoch 447/5000 | Policy Loss: -0.3487 | Value Loss: 0.0467
INFO:root:Epoch 448/5000 | Policy Loss: -0.3493 | Value Loss: 0.1122
INFO:root:Epoch 449/5000 | Policy Loss: -0.6431 | Value Loss: 0.0653
INFO:root:Epoch 450/5000 | Policy Loss: -1.4820 | Value Loss: 0.7467
INFO:root:Epoch 451/5000 | Policy Loss: -0.2309 | Value Loss: 0.1110
INFO:root:Epoch 452/5000 | Policy Loss: 0.2572 | Value Loss: 0.0560
INFO:root:Epoch 453/5000 | Policy Loss: -0.7417 | Value Loss: 0.0767
INFO:root:Epoch 454/5000 | Policy Loss: -0.6737 | Value Loss: 0.0259
INFO:root:Epoch 455/5000 | Policy Loss: -1.0813 | Value Loss: 0.0516
INFO:root:Epoch 456/5000 | Policy Loss: 0.2088 | Value Loss: 0.0137
INFO:root:Epoch 457/5000 | Policy Loss: -0.8291 | Value Loss: 0.2246
INFO:root:Epoch 458/5000 | Policy Loss: 0.3731 | Value Loss: 0.0487
INFO:root:Epoch 459/5000 | Policy Loss: -0.0657 | Value Loss: 0.0290
INFO:root:Epoch 460/5000 | Policy Loss: -0.7085 | Value Loss: 0.0548
INFO:root:Epoch 460 evaluation score: 0.76
INFO:root:Epoch 461/5000 | Policy Loss: -0.1623 | Value Loss: 0.0266
INFO:root:Epoch 462/5000 | Policy Loss: -0.3241 | Value Loss: 0.0193
INFO:root:Epoch 463/5000 | Policy Loss: 0.0828 | Value Loss: 0.0194
INFO:root:Epoch 464/5000 | Policy Loss: -0.3463 | Value Loss: 0.0148
INFO:root:Epoch 465/5000 | Policy Loss: -1.1949 | Value Loss: 0.1022
INFO:root:Epoch 466/5000 | Policy Loss: -0.9411 | Value Loss: 0.1334
INFO:root:Epoch 467/5000 | Policy Loss: 0.3442 | Value Loss: 0.0143
INFO:root:Epoch 468/5000 | Policy Loss: -0.2772 | Value Loss: 0.0248
INFO:root:Epoch 469/5000 | Policy Loss: -0.0276 | Value Loss: 0.0096
INFO:root:Epoch 470/5000 | Policy Loss: -0.0306 | Value Loss: 0.0362
INFO:root:Epoch 471/5000 | Policy Loss: -0.2588 | Value Loss: 0.0492
INFO:root:Epoch 472/5000 | Policy Loss: -0.2794 | Value Loss: 0.0158
INFO:root:Epoch 473/5000 | Policy Loss: -0.5443 | Value Loss: 0.1253
INFO:root:Epoch 474/5000 | Policy Loss: -0.2130 | Value Loss: 0.0613
INFO:root:Epoch 475/5000 | Policy Loss: -0.3288 | Value Loss: 0.0169
INFO:root:Epoch 476/5000 | Policy Loss: -0.1500 | Value Loss: 0.0264
INFO:root:Epoch 477/5000 | Policy Loss: 0.1594 | Value Loss: 0.0138
INFO:root:Epoch 0 evaluation score: -0.12
INFO:root:Epoch 1/5000 | Policy Loss: -0.0913 | Value Loss: 0.6368
INFO:root:Epoch 2/5000 | Policy Loss: 0.0727 | Value Loss: 0.2161
INFO:root:Epoch 3/5000 | Policy Loss: 0.2977 | Value Loss: 0.4470
INFO:root:Epoch 4/5000 | Policy Loss: 0.0703 | Value Loss: 1.0081
INFO:root:Epoch 5/5000 | Policy Loss: 0.1224 | Value Loss: 0.3659
INFO:root:Epoch 6/5000 | Policy Loss: 0.6634 | Value Loss: 0.5416
INFO:root:Epoch 7/5000 | Policy Loss: 0.0788 | Value Loss: 0.6635
INFO:root:Epoch 8/5000 | Policy Loss: 0.4062 | Value Loss: 0.2753
INFO:root:Epoch 9/5000 | Policy Loss: 0.1885 | Value Loss: 0.9661
INFO:root:Epoch 10/5000 | Policy Loss: -0.2694 | Value Loss: 0.9483
INFO:root:Epoch 11/5000 | Policy Loss: -0.1274 | Value Loss: 0.5178
INFO:root:Epoch 12/5000 | Policy Loss: 0.3975 | Value Loss: 0.3864
INFO:root:Epoch 13/5000 | Policy Loss: 0.1729 | Value Loss: 0.3563
INFO:root:Epoch 14/5000 | Policy Loss: -0.0503 | Value Loss: 0.9448
INFO:root:Epoch 15/5000 | Policy Loss: 0.3901 | Value Loss: 0.4776
INFO:root:Epoch 16/5000 | Policy Loss: 0.3646 | Value Loss: 0.4202
INFO:root:Epoch 17/5000 | Policy Loss: 0.3801 | Value Loss: 3.0975
INFO:root:Epoch 18/5000 | Policy Loss: 0.4764 | Value Loss: 0.5554
INFO:root:Epoch 19/5000 | Policy Loss: 0.3631 | Value Loss: 0.2877
INFO:root:Epoch 20/5000 | Policy Loss: 0.3879 | Value Loss: 0.9031
INFO:root:Epoch 20 evaluation score: 0.00
INFO:root:Epoch 21/5000 | Policy Loss: -0.2231 | Value Loss: 0.4480
INFO:root:Epoch 22/5000 | Policy Loss: 0.3646 | Value Loss: 0.2124
INFO:root:Epoch 23/5000 | Policy Loss: -0.0837 | Value Loss: 0.8006
INFO:root:Epoch 24/5000 | Policy Loss: 0.3365 | Value Loss: 0.3135
INFO:root:Epoch 25/5000 | Policy Loss: -0.0168 | Value Loss: 0.9277
INFO:root:Epoch 26/5000 | Policy Loss: -0.0075 | Value Loss: 1.6256
INFO:root:Epoch 27/5000 | Policy Loss: 0.0750 | Value Loss: 0.4466
INFO:root:Epoch 28/5000 | Policy Loss: 0.3344 | Value Loss: 0.5605
INFO:root:Epoch 29/5000 | Policy Loss: -0.6339 | Value Loss: 2.8404
INFO:root:Epoch 30/5000 | Policy Loss: -0.1943 | Value Loss: 1.1554
INFO:root:Epoch 31/5000 | Policy Loss: -0.5319 | Value Loss: 1.2258
INFO:root:Epoch 32/5000 | Policy Loss: 0.2186 | Value Loss: 0.2974
INFO:root:Epoch 33/5000 | Policy Loss: 0.0461 | Value Loss: 0.3802
INFO:root:Epoch 34/5000 | Policy Loss: 0.1654 | Value Loss: 0.4635
INFO:root:Epoch 35/5000 | Policy Loss: 0.3569 | Value Loss: 0.2798
INFO:root:Epoch 36/5000 | Policy Loss: 0.4204 | Value Loss: 0.1674
INFO:root:Epoch 37/5000 | Policy Loss: -0.0725 | Value Loss: 0.6197
INFO:root:Epoch 38/5000 | Policy Loss: -0.2401 | Value Loss: 0.4110
INFO:root:Epoch 39/5000 | Policy Loss: -0.1626 | Value Loss: 0.5592
INFO:root:Epoch 40/5000 | Policy Loss: 0.3582 | Value Loss: 0.3449
INFO:root:Epoch 40 evaluation score: 0.00
INFO:root:Epoch 41/5000 | Policy Loss: 0.4283 | Value Loss: 0.2917
INFO:root:Epoch 42/5000 | Policy Loss: -0.4773 | Value Loss: 2.2634
INFO:root:Epoch 43/5000 | Policy Loss: -0.1441 | Value Loss: 0.2237
INFO:root:Epoch 44/5000 | Policy Loss: 0.0421 | Value Loss: 0.8036
INFO:root:Epoch 45/5000 | Policy Loss: 0.0607 | Value Loss: 0.2343
INFO:root:Epoch 46/5000 | Policy Loss: 0.2876 | Value Loss: 0.1689
INFO:root:Epoch 47/5000 | Policy Loss: 0.1917 | Value Loss: 0.5898
INFO:root:Epoch 48/5000 | Policy Loss: 0.2073 | Value Loss: 0.2002
INFO:root:Epoch 49/5000 | Policy Loss: -0.0388 | Value Loss: 0.4156
INFO:root:Epoch 50/5000 | Policy Loss: 0.0815 | Value Loss: 0.6782
INFO:root:Epoch 51/5000 | Policy Loss: -0.5555 | Value Loss: 1.0132
INFO:root:Epoch 52/5000 | Policy Loss: 0.4830 | Value Loss: 0.5542
INFO:root:Epoch 53/5000 | Policy Loss: -0.5977 | Value Loss: 0.8515
INFO:root:Epoch 54/5000 | Policy Loss: -0.2666 | Value Loss: 0.3314
INFO:root:Epoch 55/5000 | Policy Loss: -0.0146 | Value Loss: 0.6899
INFO:root:Epoch 56/5000 | Policy Loss: -0.5766 | Value Loss: 0.6034
INFO:root:Epoch 57/5000 | Policy Loss: -0.4942 | Value Loss: 0.3229
INFO:root:Epoch 58/5000 | Policy Loss: -0.0355 | Value Loss: 0.3427
INFO:root:Epoch 59/5000 | Policy Loss: -0.4577 | Value Loss: 0.5943
INFO:root:Epoch 60/5000 | Policy Loss: 0.0858 | Value Loss: 1.0941
INFO:root:Epoch 60 evaluation score: 0.00
INFO:root:Epoch 61/5000 | Policy Loss: -0.0134 | Value Loss: 0.2882
INFO:root:Epoch 62/5000 | Policy Loss: -0.2132 | Value Loss: 0.5942
INFO:root:Epoch 63/5000 | Policy Loss: 0.1480 | Value Loss: 0.3053
INFO:root:Epoch 64/5000 | Policy Loss: 0.1345 | Value Loss: 0.3711
INFO:root:Epoch 65/5000 | Policy Loss: 0.0120 | Value Loss: 0.6964
INFO:root:Epoch 66/5000 | Policy Loss: -0.1032 | Value Loss: 0.2713
INFO:root:Epoch 67/5000 | Policy Loss: -0.0865 | Value Loss: 0.6722
INFO:root:Epoch 68/5000 | Policy Loss: 0.1961 | Value Loss: 0.1521
INFO:root:Epoch 69/5000 | Policy Loss: 0.2906 | Value Loss: 0.4171
INFO:root:Epoch 70/5000 | Policy Loss: -0.0114 | Value Loss: 0.1245
INFO:root:Epoch 71/5000 | Policy Loss: 0.0734 | Value Loss: 0.8523
INFO:root:Epoch 72/5000 | Policy Loss: -0.2928 | Value Loss: 0.3379
INFO:root:Epoch 73/5000 | Policy Loss: -0.2914 | Value Loss: 0.1594
INFO:root:Epoch 74/5000 | Policy Loss: -0.2979 | Value Loss: 0.1585
INFO:root:Epoch 75/5000 | Policy Loss: -0.0070 | Value Loss: 0.4873
INFO:root:Epoch 76/5000 | Policy Loss: -0.0588 | Value Loss: 0.1737
INFO:root:Epoch 77/5000 | Policy Loss: -1.1490 | Value Loss: 0.6129
INFO:root:Epoch 78/5000 | Policy Loss: 0.1459 | Value Loss: 0.3252
INFO:root:Epoch 79/5000 | Policy Loss: 0.3684 | Value Loss: 0.2021
INFO:root:Epoch 0 evaluation score: -0.12
INFO:root:Epoch 1/5000 | Policy Loss: 0.8124 | Value Loss: 0.4679
INFO:root:Epoch 2/5000 | Policy Loss: 0.2595 | Value Loss: 0.1677
INFO:root:Epoch 3/5000 | Policy Loss: 0.1740 | Value Loss: 0.1723
INFO:root:Epoch 4/5000 | Policy Loss: -0.2784 | Value Loss: 0.6493
INFO:root:Epoch 5/5000 | Policy Loss: 0.2229 | Value Loss: 0.1524
INFO:root:Epoch 6/5000 | Policy Loss: 0.1982 | Value Loss: 0.1728
INFO:root:Epoch 7/5000 | Policy Loss: 0.2218 | Value Loss: 0.1870
INFO:root:Epoch 8/5000 | Policy Loss: -0.1241 | Value Loss: 0.3110
INFO:root:Epoch 9/5000 | Policy Loss: -0.0889 | Value Loss: 1.4200
INFO:root:Epoch 10/5000 | Policy Loss: 0.1610 | Value Loss: 1.1295
INFO:root:Epoch 11/5000 | Policy Loss: 0.2969 | Value Loss: 0.1826
INFO:root:Epoch 12/5000 | Policy Loss: 0.3198 | Value Loss: 0.2002
INFO:root:Epoch 13/5000 | Policy Loss: 0.3698 | Value Loss: 0.2309
INFO:root:Epoch 14/5000 | Policy Loss: -0.9225 | Value Loss: 0.8638
INFO:root:Epoch 15/5000 | Policy Loss: 0.1768 | Value Loss: 0.3085
INFO:root:Epoch 16/5000 | Policy Loss: 0.4860 | Value Loss: 0.2662
INFO:root:Epoch 17/5000 | Policy Loss: -0.0267 | Value Loss: 1.2965
INFO:root:Epoch 18/5000 | Policy Loss: 0.3549 | Value Loss: 0.4082
INFO:root:Epoch 19/5000 | Policy Loss: -0.1291 | Value Loss: 0.8210
INFO:root:Epoch 20/5000 | Policy Loss: -0.2072 | Value Loss: 0.4117
INFO:root:Epoch 20 evaluation score: 0.99
INFO:root:Epoch 21/5000 | Policy Loss: -0.5521 | Value Loss: 0.8077
INFO:root:Epoch 22/5000 | Policy Loss: -0.1163 | Value Loss: 0.3604
INFO:root:Epoch 23/5000 | Policy Loss: -0.2238 | Value Loss: 0.2625
INFO:root:Epoch 0 evaluation score: -0.12
INFO:root:Epoch 1/5000 | Policy Loss: 0.7524 | Value Loss: 0.4537
INFO:root:Epoch 2/5000 | Policy Loss: 0.2839 | Value Loss: 0.4647
INFO:root:Epoch 3/5000 | Policy Loss: 0.2465 | Value Loss: 0.2201
INFO:root:Epoch 4/5000 | Policy Loss: 0.0951 | Value Loss: 0.3616
INFO:root:Epoch 5/5000 | Policy Loss: 0.0283 | Value Loss: 0.1090
INFO:root:Epoch 0 evaluation score: -0.12
INFO:root:Epoch 1/5000 | Policy Loss: 0.7524 | Value Loss: 0.4537
INFO:root:Epoch 2/5000 | Policy Loss: 0.2839 | Value Loss: 0.4647
INFO:root:Epoch 3/5000 | Policy Loss: 0.2532 | Value Loss: 0.2835
INFO:root:Epoch 4/5000 | Policy Loss: 0.1456 | Value Loss: 0.1810
INFO:root:Epoch 5/5000 | Policy Loss: 0.1015 | Value Loss: 0.0952
INFO:root:Epoch 6/5000 | Policy Loss: 0.0261 | Value Loss: 0.1880
INFO:root:Epoch 7/5000 | Policy Loss: 0.0460 | Value Loss: 0.0975
INFO:root:Epoch 8/5000 | Policy Loss: 0.0648 | Value Loss: 0.0670
INFO:root:Epoch 9/5000 | Policy Loss: 0.0223 | Value Loss: 0.1286
INFO:root:Epoch 10/5000 | Policy Loss: 0.0591 | Value Loss: 0.0541
